
==========================================
  Phase 1
==========================================
[15:25] Phase 1: task 3eeace84-d8e4-46f4-8275-968d428f7f79 started, polling...
[16:18] Phase 1: FAILED — Task did not receive LGTM after 5 review rounds.

==========================================
  Phase 2
==========================================
[16:18] Phase 2: task a76af52e-3506-4d7b-a6ea-70c0fb761c5c started, polling...
[17:02] Phase 2: DONE — https://github.com/majiayu000/harness/pull/34

==========================================
  Phase 3
==========================================
[17:02] Phase 3: task 69c38a4d-450f-4704-ad85-f802874c42d7 started, polling...
[17:14] Phase 3: DONE — https://github.com/majiayu000/harness/pull/35

==========================================
  Phase 4
==========================================
[17:14] Phase 4: task d15b745e-d20a-4b95-9be0-a78b437fa65c started, polling...
[17:18] Phase 4: DONE

==========================================
  Phase 5
==========================================
[17:18] Phase 5: task 788b7dbc-f7d4-485a-be28-18bfb0e514b6 started, polling...
[17:45] Phase 5: DONE — https://github.com/majiayu000/harness/pull/36

==========================================
  Phase 6
==========================================
[17:45] Phase 6: task 8abf8001-b5c2-4409-a6b7-0fb43b7f24cf started, polling...
[18:02] Phase 6: DONE — https://github.com/majiayu000/harness/pull/37

==========================================
  Phase 7
==========================================
[18:02] Phase 7: task 0cdcd75b-9cc1-4cd5-8faf-cf7c004264f7 started, polling...
[18:08] Phase 7: DONE

==========================================
  Phase 8
==========================================
[18:08] Phase 8: task 967f6708-c6c2-48c4-aa49-18fb3333aa2f started, polling...
[18:21] Phase 8: DONE — https://github.com/majiayu000/harness/pull/38

==========================================
  All phases submitted
==========================================
